<?xml version="1.0" encoding="UTF-8"?>
<!-- Generated by org.testng.reporters.JUnitReportReporter -->
<testsuite hostname="Ravinder" name="screenshot.Cmdb.Dashbaord" tests="1" failures="0" timestamp="9 Mar 2018 12:44:16 GMT" time="34.550" errors="0">
  <testcase name="launch" time="34.550" classname="screenshot.Cmdb.Dashbaord"/>
</testsuite> <!-- screenshot.Cmdb.Dashbaord -->
