<?xml version="1.0" encoding="UTF-8"?>
<!-- Generated by org.testng.reporters.JUnitReportReporter -->
<testsuite hostname="Ravinder" name="screenshot.Cmdb.Fullpage" tests="1" failures="0" timestamp="2 Feb 2018 13:18:10 GMT" time="52.802" errors="0">
  <testcase name="launch" time="52.802" classname="screenshot.Cmdb.Fullpage"/>
</testsuite> <!-- screenshot.Cmdb.Fullpage -->
